AUTHORS
BUGS
COPYING
HISTORY
INSTALL
README
_TODO.txt
cliphist2.desktop
cliphist2.icns
cliphist2.ico
cliphist2_256x256.ico
cliphist2.png
cliphist2.pro
cliphist2.qrc
cliphist2.rc
cliphist2.xcf
cliphist2_64x64.h
cliphist2_64x64.png
cliphist2_de.qm
cliphist2_de.ts
cliphist2_nl.qm
cliphist2_nl.ts
cliphist2orig.clp
cliphist2origTest.clp
cliphist2origTestx.clp
cliphist2origTestxxy.clp
cliphist2origTestxzzz.clp
cliphist2orig_last.clp
cliphist2screenshotdata.clp
cliphistwindow.cpp
cliphistwindow.h
cliphistwindow.ui
dist/Info.plist
dist/cliphist2.iss
dist/cliphist2.spec
dist/cliphist2_setup.exe
dist/cliphist2_static.iss
dist/control
dist/copyright
dist/rules
do_file_list.sh
do_src_zip.sh
edititem.cpp
edititem.h
edititem.ui
main.cpp
make_dist_deb.sh
make_dist_mac.sh
make_dist_rpm.sh
make_dist_win.bat
make_src_tar.sh
qrc_cliphist2.cpp
qt_de.qm
resource.h
ui_cliphistwindow.h
ui_edititem.h
