AUTHORS
BUGS
COPYING
HISTORY
INSTALL
README
src_files.lst
cliphist2.desktop
src/cliphist2.icns
src/cliphist2.ico
src/cliphist2.png
src/cliphist2.pro
src/cliphist2.qrc
src/cliphist2.rc
src/cliphist2_OS2.rc
cliphist2.xcf
src/cliphist2_64x64.h
src/cliphist2_64x64.png
src/cliphist2_64x64.ico
src/cliphist2_256x256.ico
src/cliphist2_512x512.png
src/cliphist2_512x512.ico
src/cliphist2a_OS2.ico
src/cliphist2_de.ts
src/cliphist2_nl.ts
src/cliphist2_de.qm
src/cliphist2_nl.qm
cliphist2.clp
cliphist2orig.clp
cliphist2screenshotdata.clp
src/cliphistwindow.cpp
src/cliphistwindow.h
src/cliphistwindow.ui
src/edititem.cpp
src/edititem.h
src/edititem.ui
src/main.cpp
src/resource.h
do_file_list.sh
do_src_zip.sh
make_dist_deb.sh
make_dist_mac.sh
make_dist_rpm.sh
make_src_tar.sh
make_dist_win.bat
qt_de.qm
dist/Info.plist
dist/cliphist2.iss
dist/cliphist2.spec
dist/cliphist2_static.iss
dist/control
dist/copyright
dist/rules
