AUTHORS
BUGS
COPYING
HISTORY
INSTALL
README
src_files.lst
cliphist2.desktop
cliphist2.icns
cliphist2.ico
cliphist2.png
cliphist2.pro
cliphist2.qrc
cliphist2.rc
cliphist2.xcf
cliphist2_64x64.h
cliphist2_64x64.png
cliphist2_64x64.ico
cliphist2_512x512.png
cliphist2_512x512.ico
cliphist2_de.ts
cliphist2_nl.ts
cliphist2_de.qm
cliphist2_nl.qm
cliphist2.clp
cliphist2orig.clp
cliphist2screenshotdata.clp
cliphistwindow.cpp
cliphistwindow.h
cliphistwindow.ui
edititem.cpp
edititem.h
edititem.ui
main.cpp
resource.h
do_file_list.sh
do_src_zip.sh
make_dist_deb.sh
make_dist_mac.sh
make_dist_rpm.sh
make_src_tar.sh
make_dist_win.bat
qt_de.qm
dist/Info.plist
dist/cliphist2.iss
dist/cliphist2.spec
dist/cliphist2_static.iss
dist/control
dist/copyright
dist/rules
